app/build/intermediates/manifest_merge_blame_file/release/manifest-merger-blame-release-report.txt
1<?xml version="1.0" encoding="utf-8"?>
2<manifest xmlns:android="http://schemas.android.com/apk/res/android"
3    xmlns:dist="http://schemas.android.com/apk/distribution"
4    package="com.bd.esellers"
5    android:versionCode="1"
6    android:versionName="1.0" >
7
8    <uses-sdk
9        android:minSdkVersion="21"
9-->src\main\AndroidManifest.xml
10        android:targetSdkVersion="29" />
10-->src\main\AndroidManifest.xml
11
12    <dist:module dist:instant="true" />
12-->src\main\AndroidManifest.xml:6:5-40
12-->src\main\AndroidManifest.xml:6:18-37
13
14    <uses-permission android:name="android.permission.ACCESS_NETWORK_STATE" />
14-->src\main\AndroidManifest.xml:8:5-79
14-->src\main\AndroidManifest.xml:8:22-76
15    <uses-permission android:name="android.permission.READ_EXTERNAL_STORAGE" />
15-->src\main\AndroidManifest.xml:9:5-80
15-->src\main\AndroidManifest.xml:9:22-77
16    <uses-permission android:name="android.permission.WRITE_EXTERNAL_STORAGE" />
16-->src\main\AndroidManifest.xml:10:5-81
16-->src\main\AndroidManifest.xml:10:22-78
17    <uses-permission android:name="android.permission.INTERNET" />
17-->src\main\AndroidManifest.xml:11:5-67
17-->src\main\AndroidManifest.xml:11:22-64
18
19    <application
19-->src\main\AndroidManifest.xml:13:5-51:19
20        android:allowBackup="true"
20-->src\main\AndroidManifest.xml:14:9-35
21        android:appComponentFactory="androidx.core.app.CoreComponentFactory"
21-->[androidx.core:core:1.2.0] AndroidManifest.xml:24:18-86
22        android:hardwareAccelerated="true"
22-->src\main\AndroidManifest.xml:15:9-43
23        android:icon="@mipmap/ic_launcher"
23-->src\main\AndroidManifest.xml:16:9-43
24        android:label="@string/app_name"
24-->src\main\AndroidManifest.xml:17:9-41
25        android:largeHeap="true"
25-->src\main\AndroidManifest.xml:18:9-33
26        android:roundIcon="@mipmap/ic_launcher_round"
26-->src\main\AndroidManifest.xml:19:9-54
27        android:supportsRtl="true"
27-->src\main\AndroidManifest.xml:20:9-35
28        android:theme="@style/AppTheme"
28-->src\main\AndroidManifest.xml:21:9-40
29        android:usesCleartextTraffic="true" >
29-->src\main\AndroidManifest.xml:22:9-44
30        <activity
30-->src\main\AndroidManifest.xml:23:9-24:58
31            android:name="com.bd.esellers.userProfile.ProfileActivity"
31-->src\main\AndroidManifest.xml:23:19-62
32            android:theme="@style/AppTheme.NoActionBar" />
32-->src\main\AndroidManifest.xml:24:13-56
33        <activity
33-->src\main\AndroidManifest.xml:25:9-27:59
34            android:name="com.bd.esellers.order.OrderActivity"
34-->src\main\AndroidManifest.xml:26:13-48
35            android:theme="@style/AppTheme.NoActionBar" />
35-->src\main\AndroidManifest.xml:27:13-56
36        <activity
36-->src\main\AndroidManifest.xml:29:9-32:48
37            android:name="com.bd.esellers.cart.CartActivity"
37-->src\main\AndroidManifest.xml:30:13-46
38            android:configChanges="screenSize|orientation|keyboard"
38-->src\main\AndroidManifest.xml:31:13-68
39            android:theme="@style/AuthTheme" />
39-->src\main\AndroidManifest.xml:32:13-45
40        <activity
40-->src\main\AndroidManifest.xml:33:9-36:48
41            android:name="com.bd.esellers.userAuth.AuthActivity"
41-->src\main\AndroidManifest.xml:34:13-50
42            android:configChanges="screenSize|orientation|keyboard"
42-->src\main\AndroidManifest.xml:35:13-68
43            android:theme="@style/AuthTheme" />
43-->src\main\AndroidManifest.xml:36:13-45
44        <activity
44-->src\main\AndroidManifest.xml:37:9-47:20
45            android:name="com.bd.esellers.mainApp.MainActivity"
45-->src\main\AndroidManifest.xml:38:13-49
46            android:configChanges="screenSize|orientation|keyboard"
46-->src\main\AndroidManifest.xml:39:13-68
47            android:theme="@style/AppTheme.NoActionBar" >
47-->src\main\AndroidManifest.xml:40:13-56
48            <intent-filter>
48-->src\main\AndroidManifest.xml:41:13-46:29
49                <action android:name="android.intent.action.MAIN" />
49-->src\main\AndroidManifest.xml:42:17-69
49-->src\main\AndroidManifest.xml:42:25-66
50                <action android:name="android.intent.action.VIEW" />
50-->src\main\AndroidManifest.xml:43:17-69
50-->src\main\AndroidManifest.xml:43:25-66
51
52                <category android:name="android.intent.category.LAUNCHER" />
52-->src\main\AndroidManifest.xml:45:17-77
52-->src\main\AndroidManifest.xml:45:27-74
53            </intent-filter>
54        </activity>
55        <activity
55-->src\main\AndroidManifest.xml:48:9-50:59
56            android:name="com.bd.esellers.product.ProductDetailsActivity"
56-->src\main\AndroidManifest.xml:49:13-59
57            android:theme="@style/AppTheme.NoActionBar" />
57-->src\main\AndroidManifest.xml:50:13-56
58
59        <provider
59-->[com.squareup.picasso:picasso:2.71828] AndroidManifest.xml:8:9-11:40
60            android:name="com.squareup.picasso.PicassoProvider"
60-->[com.squareup.picasso:picasso:2.71828] AndroidManifest.xml:9:13-64
61            android:authorities="com.bd.esellers.com.squareup.picasso"
61-->[com.squareup.picasso:picasso:2.71828] AndroidManifest.xml:10:13-72
62            android:exported="false" />
62-->[com.squareup.picasso:picasso:2.71828] AndroidManifest.xml:11:13-37
63    </application>
64
65</manifest>